2023.12.02 02:43:33 INFO  Started: Metals version 1.1.0 in folders 'C:\Users\Ashish\Documents\ODU\Cs480\hello-world' for client Visual Studio Code 1.84.2.
2023.12.02 02:43:34 WARN  Build server is not auto-connectable.
2023.12.02 02:43:36 INFO  running 'C:\Users\Ashish\.jabba\jdk\adopt@1.11.0-11\bin\java.exe -Djline.terminal=jline.UnsupportedTerminal -Dsbt.log.noformat=true -Dfile.encoding=UTF-8 -jar C:\Users\Ashish\AppData\Local\Temp\metals8988860938438306069\sbt-launch.jar -Dbloop.export-jar-classifiers=sources bloopInstall'
2023.12.02 02:43:36 ERROR [info] [launcher] getting org.scala-sbt sbt 1.9.7  (this may take some time)...
2023.12.02 02:43:41 ERROR [info] [launcher] getting Scala 2.12.18 (for sbt)...
2023.12.02 02:43:43 INFO  [info] welcome to sbt 1.9.7 (AdoptOpenJDK Java 11.0.11)
2023.12.02 02:43:44 INFO  [info] loading settings for project hello-world-build-build from metals.sbt ...
2023.12.02 02:43:44 INFO  [info] loading project definition from C:\Users\Ashish\Documents\ODU\Cs480\hello-world\project\project
2023.12.02 02:43:45 INFO  user cancelled sbt bloopInstall
2023.12.02 02:43:45 INFO  time: ran 'sbt bloopInstall' in 8.9s
2023.12.02 02:43:47 WARN  no build target for: C:\Users\Ashish\Documents\ODU\Cs480\hello-world\src\main\scala\Main.scala
2023.12.02 02:43:52 INFO  no build target found for C:\Users\Ashish\Documents\ODU\Cs480\hello-world\src\main\scala\Main.scala. Using presentation compiler with project's scala-library version: 3.3.1
2023.12.02 02:43:53 INFO  time: code lens generation in 5.9s
2023.12.02 02:44:28 WARN  no build target for: C:\Users\Ashish\Documents\ODU\Cs480\hello-world\build.sbt
2023.12.02 02:45:01 WARN  no build target for: C:\Users\Ashish\Documents\ODU\Cs480\hello-world\project\metals.sbt
2023.12.02 02:46:04 WARN  no build target for: C:\Users\Ashish\Documents\ODU\Cs480\hello-world\src\main\scala\Main.scala
2023.12.02 02:46:04 WARN  no build target for: C:\Users\Ashish\Documents\ODU\Cs480\hello-world\src\main\scala\Main.scala
2023.12.02 02:46:15 WARN  no build target for: C:\Users\Ashish\Documents\ODU\Cs480\hello-world\src\main\scala\Main.scala
2023.12.02 02:46:23 WARN  no build target for: C:\Users\Ashish\Documents\ODU\Cs480\hello-world\src\main\scala\Main.scala
2023.12.02 02:46:23 WARN  no build target for: C:\Users\Ashish\Documents\ODU\Cs480\hello-world\src\main\scala\Main.scala
2023.12.02 02:46:23 WARN  no build target for: C:\Users\Ashish\Documents\ODU\Cs480\hello-world\src\main\scala\Main.scala
2023.12.02 02:46:54 WARN  Build server is not auto-connectable.
2023.12.02 02:46:56 WARN  Build server is not auto-connectable.
2023.12.02 02:46:56 WARN  Build server is not auto-connectable.
2023.12.02 02:46:58 WARN  no build target for: C:\Users\Ashish\Documents\ODU\Cs480\hello-world\src\main\scala\Main.scala
2023.12.02 02:46:58 WARN  no build target for: C:\Users\Ashish\Documents\ODU\Cs480\hello-world\src\main\scala\Main.scala
2023.12.02 02:46:59 WARN  no build target for: C:\Users\Ashish\Documents\ODU\Cs480\hello-world\src\main\scala\Main.scala
2023.12.02 02:46:59 WARN  no build target for: C:\Users\Ashish\Documents\ODU\Cs480\hello-world\src\main\scala\Main.scala
2023.12.02 02:47:00 WARN  no build target for: C:\Users\Ashish\Documents\ODU\Cs480\hello-world\src\main\scala\Main.scala
2023.12.02 02:47:00 WARN  no build target for: C:\Users\Ashish\Documents\ODU\Cs480\hello-world\src\main\scala\Main.scala
2023.12.02 02:47:30 WARN  no build target for: C:\Users\Ashish\Documents\ODU\Cs480\hello-world\build.sbt
2023.12.02 02:48:09 INFO  Shutting down server
2023.12.02 02:48:09 INFO  shutting down Metals
2023.12.02 02:48:09 INFO  Exiting server
