\BOOKMARK [2][-]{section*.1}{\376\377\000S\000e\000c\000t\000i\000o\000n\000\040\0001\0000\000.\0001\000\040\000P\000r\000o\000b\000l\000e\000m\000\040\000\043\0006}{}% 1
\BOOKMARK [3][-]{section*.2}{\376\377\000S\000o\000l\000u\000t\000i\000o\000n}{section*.1}% 2
\BOOKMARK [2][-]{section*.3}{\376\377\000S\000e\000c\000t\000i\000o\000n\000\040\0001\0000\000.\0002\000\040\000P\000r\000o\000b\000l\000e\000m\000\040\000\043\0001\0008}{}% 3
\BOOKMARK [3][-]{section*.4}{\376\377\000S\000o\000l\000u\000t\000i\000o\000n\000\050\000a\000\051}{section*.3}% 4
\BOOKMARK [3][-]{section*.5}{\376\377\000S\000o\000l\000u\000t\000i\000o\000n\000\050\000b\000\051}{section*.3}% 5
\BOOKMARK [2][-]{section*.6}{\376\377\000S\000e\000c\000t\000i\000o\000n\000\040\0001\0000\000.\0003\000\040\000P\000r\000o\000b\000l\000e\000m\000\040\000\043\0002\0006}{}% 6
\BOOKMARK [3][-]{section*.7}{\376\377\000S\000o\000l\000u\000t\000i\000o\000n\000\050\000a\000\051}{section*.6}% 7
\BOOKMARK [3][-]{section*.8}{\376\377\000S\000o\000l\000u\000t\000i\000o\000n\000\050\000b\000\051}{section*.6}% 8
\BOOKMARK [3][-]{section*.9}{\376\377\000S\000o\000l\000u\000t\000i\000o\000n\000\050\000c\000\051}{section*.6}% 9
\BOOKMARK [2][-]{section*.10}{\376\377\000S\000e\000c\000t\000i\000o\000n\000\040\0001\0002\000.\0002\000\040\000P\000r\000o\000b\000l\000e\000m\000\040\000\043\0001\0006}{}% 10
\BOOKMARK [3][-]{section*.11}{\376\377\000S\000o\000l\000u\000t\000i\000o\000n\000\050\000a\000\051}{section*.10}% 11
\BOOKMARK [3][-]{section*.12}{\376\377\000S\000o\000l\000u\000t\000i\000o\000n\000\050\000c\000\051}{section*.10}% 12
\BOOKMARK [3][-]{section*.13}{\376\377\000S\000o\000l\000u\000t\000i\000o\000n\000\050\000d\000\051}{section*.10}% 13
\BOOKMARK [3][-]{section*.14}{\376\377\000S\000o\000l\000u\000t\000i\000o\000n\000\050\000e\000\051}{section*.10}% 14
\BOOKMARK [2][-]{section*.15}{\376\377\000S\000e\000c\000t\000i\000o\000n\000\040\0001\0002\000.\0003\000\040\000P\000r\000o\000b\000l\000e\000m\000\040\000\043\0003\0004}{}% 15
\BOOKMARK [3][-]{section*.16}{\376\377\000S\000o\000l\000t\000u\000i\000o\000n\000\050\000a\000\051}{section*.15}% 16
\BOOKMARK [3][-]{section*.17}{\376\377\000S\000o\000l\000u\000t\000i\000o\000n\000\050\000b\000\051}{section*.15}% 17
\BOOKMARK [3][-]{section*.18}{\376\377\000S\000o\000l\000t\000u\000i\000o\000n\000\050\000c\000\051}{section*.15}% 18
\BOOKMARK [3][-]{section*.19}{\376\377\000S\000o\000l\000t\000u\000i\000o\000n\000\050\000d\000\051}{section*.15}% 19
\BOOKMARK [2][-]{section*.20}{\376\377\000S\000e\000c\000t\000i\000o\000n\000\040\0001\0002\000.\0004\000\040\000P\000r\000o\000b\000l\000e\000m\000\040\000\043\0004\0006}{}% 20
\BOOKMARK [3][-]{section*.21}{\376\377\000S\000o\000l\000u\000i\000o\000n\000\050\000a\000\051}{section*.20}% 21
\BOOKMARK [3][-]{section*.22}{\376\377\000S\000o\000l\000u\000i\000o\000n\000\050\000b\000\051}{section*.20}% 22
\BOOKMARK [3][-]{section*.23}{\376\377\000S\000o\000l\000u\000i\000o\000n\000\050\000c\000\051}{section*.20}% 23
\BOOKMARK [3][-]{section*.24}{\376\377\000S\000o\000l\000u\000i\000o\000n\000\050\000d\000\051}{section*.20}% 24
\BOOKMARK [3][-]{section*.25}{\376\377\000S\000o\000l\000u\000i\000o\000n\000\050\000e\000\051}{section*.20}% 25
\BOOKMARK [2][-]{section*.26}{\376\377\000S\000e\000c\000t\000i\000o\000n\000\040\0001\0002\000.\0005\000\040\000P\000r\000o\000b\000l\000e\000m\000\040\000\043\0005\0008}{}% 26
\BOOKMARK [3][-]{section*.27}{\376\377\000S\000o\000l\000u\000t\000i\000o\000n\000\050\000a\000\051}{section*.26}% 27
\BOOKMARK [3][-]{section*.28}{\376\377\000S\000o\000l\000u\000t\000i\000o\000n\000\050\000b\000\051}{section*.26}% 28
\BOOKMARK [3][-]{section*.29}{\376\377\000S\000o\000l\000u\000t\000i\000o\000n\000\050\000c\000\051}{section*.26}% 29
\BOOKMARK [3][-]{section*.30}{\376\377\000S\000o\000l\000u\000t\000i\000o\000n\000\050\000d\000\051}{section*.26}% 30
